\BOOKMARK [1][-]{section.1}{Abstract}{}% 1
\BOOKMARK [1][-]{section.2}{Introduction}{}% 2
\BOOKMARK [1][-]{section.3}{Problem}{}% 3
\BOOKMARK [1][-]{section.4}{Previous Research}{}% 4
\BOOKMARK [1][-]{section.5}{Overview}{}% 5
\BOOKMARK [2][-]{subsection.5.1}{Interactive Genetic Algorithm}{section.5}% 6
\BOOKMARK [2][-]{subsection.5.2}{Markov Chain}{section.5}% 7
\BOOKMARK [1][-]{section.6}{Hypothesis}{}% 8
\BOOKMARK [2][-]{subsection.6.1}{Questions}{section.6}% 9
\BOOKMARK [1][-]{section.7}{Synthesis}{}% 10
\BOOKMARK [2][-]{subsection.7.1}{System Architecture}{section.7}% 11
\BOOKMARK [2][-]{subsection.7.2}{Breakdown of Music Server}{section.7}% 12
\BOOKMARK [3][-]{subsubsection.7.2.1}{Extracting Metadata from MIDI files}{subsection.7.2}% 13
\BOOKMARK [2][-]{subsection.7.3}{Breakdown of Interactive Genetic Algorithm}{section.7}% 14
\BOOKMARK [3][-]{subsubsection.7.3.1}{Initialization Settings}{subsection.7.3}% 15
\BOOKMARK [3][-]{subsubsection.7.3.2}{Influencer}{subsection.7.3}% 16
\BOOKMARK [3][-]{subsubsection.7.3.3}{Markov chain Workflow}{subsection.7.3}% 17
\BOOKMARK [3][-]{subsubsection.7.3.4}{Evaluation}{subsection.7.3}% 18
\BOOKMARK [3][-]{subsubsection.7.3.5}{Fitness Workflow}{subsection.7.3}% 19
\BOOKMARK [3][-]{subsubsection.7.3.6}{Genotype}{subsection.7.3}% 20
\BOOKMARK [3][-]{subsubsection.7.3.7}{Genetic Mapping}{subsection.7.3}% 21
\BOOKMARK [3][-]{subsubsection.7.3.8}{Interactive Genetic Algorithm Operators}{subsection.7.3}% 22
\BOOKMARK [3][-]{subsubsection.7.3.9}{Interactive Genetic Algorithm Workflow}{subsection.7.3}% 23
\BOOKMARK [1][-]{section.8}{Results}{}% 24
\BOOKMARK [2][-]{subsection.8.1}{Overview}{section.8}% 25
\BOOKMARK [2][-]{subsection.8.2}{Test 1: Random Population and User Scoring}{section.8}% 26
\BOOKMARK [2][-]{subsection.8.3}{Test 2: Random Population and Trait Re-ordering with Euclidean Distance}{section.8}% 27
\BOOKMARK [2][-]{subsection.8.4}{Test 3: Markov Chain and User Scoring}{section.8}% 28
\BOOKMARK [2][-]{subsection.8.5}{Test 4: Markov Chain and Trait Re-ordering with Euclidean Distance}{section.8}% 29
\BOOKMARK [2][-]{subsection.8.6}{Analysis of Tests}{section.8}% 30
\BOOKMARK [1][-]{section.9}{Conclusion}{}% 31
